1745992498: mosquitto version 2.0.18 starting
1745992498: Config loaded from /mosquitto/config/mosquitto.conf.
1745992498: Opening ipv4 listen socket on port 1883.
1745992498: mosquitto version 2.0.18 running
1745992506: mosquitto version 2.0.18 terminating
1745992506: Saving in-memory database to /mosquitto/data//mosquitto.db.
1745992522: mosquitto version 2.0.18 starting
1745992522: Config loaded from /mosquitto/config/mosquitto.conf.
1745992522: Opening ipv4 listen socket on port 1883.
1745992522: mosquitto version 2.0.18 running
1745992522: New connection from 172.18.0.3:54231 on port 1883.
1745992522: New client connected from 172.18.0.3:54231 as auto-FC850E86-39D2-1292-E60D-C8A92C9C5941 (p2, c1, k60).
1745992522: No will message specified.
1745992522: Sending CONNACK to auto-FC850E86-39D2-1292-E60D-C8A92C9C5941 (0, 0)
1745992522: Received SUBSCRIBE from auto-FC850E86-39D2-1292-E60D-C8A92C9C5941
1745992522: 	livox/+ (QoS 0)
1745992522: auto-FC850E86-39D2-1292-E60D-C8A92C9C5941 0 livox/+
1745992522: Sending SUBACK to auto-FC850E86-39D2-1292-E60D-C8A92C9C5941
1745992522: New connection from 192.168.65.1:38566 on port 1883.
1745992522: Client <unknown> closed its connection.
1745992526: Client auto-FC850E86-39D2-1292-E60D-C8A92C9C5941 closed its connection.
1745992526: mosquitto version 2.0.18 terminating
1745992526: Saving in-memory database to /mosquitto/data//mosquitto.db.
